<?xml version="1.0" encoding="UTF-8" ?>
<testsuite failures="0" time="0.72" errors="0" skipped="0" tests="2" name="TestSuite">
  <properties>
    <property name="java.runtime.name" value="Java(TM) SE Runtime Environment"/>
    <property name="sun.boot.library.path" value="G:\Program Files\Java\jdk1.7.0_10\jre\bin"/>
    <property name="java.vm.version" value="23.6-b04"/>
    <property name="java.vm.vendor" value="Oracle Corporation"/>
    <property name="java.vendor.url" value="http://java.oracle.com/"/>
    <property name="path.separator" value=";"/>
    <property name="java.vm.name" value="Java HotSpot(TM) Client VM"/>
    <property name="file.encoding.pkg" value="sun.io"/>
    <property name="user.script" value=""/>
    <property name="user.country" value="US"/>
    <property name="sun.java.launcher" value="SUN_STANDARD"/>
    <property name="sun.os.patch.level" value=""/>
    <property name="java.vm.specification.name" value="Java Virtual Machine Specification"/>
    <property name="user.dir" value="G:\Users\vishu\git\FirstProject\WebDriverTest"/>
    <property name="java.runtime.version" value="1.7.0_10-b18"/>
    <property name="java.awt.graphicsenv" value="sun.awt.Win32GraphicsEnvironment"/>
    <property name="basedir" value="G:\Users\vishu\git\FirstProject\WebDriverTest"/>
    <property name="java.endorsed.dirs" value="G:\Program Files\Java\jdk1.7.0_10\jre\lib\endorsed"/>
    <property name="os.arch" value="x86"/>
    <property name="surefire.real.class.path" value="G:\Users\vishu\AppData\Local\Temp\surefirebooter3090196633015554384.jar"/>
    <property name="java.io.tmpdir" value="G:\Users\vishu\AppData\Local\Temp\"/>
    <property name="line.separator" value="
"/>
    <property name="java.vm.specification.vendor" value="Oracle Corporation"/>
    <property name="user.variant" value=""/>
    <property name="os.name" value="Windows 7"/>
    <property name="sun.jnu.encoding" value="Cp1252"/>
    <property name="java.library.path" value="G:\Program Files\Java\jdk1.7.0_10\jre\bin;G:\Windows\Sun\Java\bin;G:\Windows\system32;G:\Windows;G:\apache-ant-1.9.4\bin;G:\Users\vishu\AppData\Local\Smartbar\Application\;G:\Users\vishu\AppData\Local\Smartbar\Application\;G:\Program Files\nodejs\;G:\Program Files\Skype\Phone\;G:\Program Files\Git\cmd;G:\Program Files\Java\jdk1.7.0_10\bin;,;G:\Program Files\Java\jre7\bin;,;G:\Users\vishu\AppData\Roaming\npm;G:\Program Files\Apache Software Foundation\apache-maven-3.3.1\bin;;."/>
    <property name="surefire.test.class.path" value="G:\Users\vishu\git\FirstProject\WebDriverTest\target\test-classes;G:\Users\vishu\git\FirstProject\WebDriverTest\target\classes;G:\Users\vishu\.m2\repository\junit\junit\3.8.1\junit-3.8.1.jar;G:\Users\vishu\.m2\repository\com\google\inject\guice\3.0\guice-3.0.jar;G:\Users\vishu\.m2\repository\javax\inject\javax.inject\1\javax.inject-1.jar;G:\Users\vishu\.m2\repository\aopalliance\aopalliance\1.0\aopalliance-1.0.jar;G:\Users\vishu\.m2\repository\org\testng\testng\6.8\testng-6.8.jar;G:\Users\vishu\.m2\repository\org\beanshell\bsh\2.0b4\bsh-2.0b4.jar;G:\Users\vishu\.m2\repository\com\beust\jcommander\1.27\jcommander-1.27.jar;G:\Users\vishu\.m2\repository\org\yaml\snakeyaml\1.6\snakeyaml-1.6.jar;G:\Users\vishu\.m2\repository\org\uncommons\reportng\1.1.4\reportng-1.1.4.jar;G:\Users\vishu\.m2\repository\velocity\velocity\1.4\velocity-1.4.jar;G:\Users\vishu\.m2\repository\velocity\velocity-dep\1.4\velocity-dep-1.4.jar;G:\Users\vishu\.m2\repository\org\seleniumhq\selenium\selenium-java\2.45.0\selenium-java-2.45.0.jar;G:\Users\vishu\.m2\repository\org\seleniumhq\selenium\selenium-chrome-driver\2.45.0\selenium-chrome-driver-2.45.0.jar;G:\Users\vishu\.m2\repository\org\seleniumhq\selenium\selenium-remote-driver\2.45.0\selenium-remote-driver-2.45.0.jar;G:\Users\vishu\.m2\repository\cglib\cglib-nodep\2.1_3\cglib-nodep-2.1_3.jar;G:\Users\vishu\.m2\repository\com\google\code\gson\gson\2.3.1\gson-2.3.1.jar;G:\Users\vishu\.m2\repository\org\seleniumhq\selenium\selenium-api\2.45.0\selenium-api-2.45.0.jar;G:\Users\vishu\.m2\repository\com\google\guava\guava\18.0\guava-18.0.jar;G:\Users\vishu\.m2\repository\org\seleniumhq\selenium\selenium-htmlunit-driver\2.45.0\selenium-htmlunit-driver-2.45.0.jar;G:\Users\vishu\.m2\repository\net\sourceforge\htmlunit\htmlunit\2.15\htmlunit-2.15.jar;G:\Users\vishu\.m2\repository\xalan\xalan\2.7.1\xalan-2.7.1.jar;G:\Users\vishu\.m2\repository\xalan\serializer\2.7.1\serializer-2.7.1.jar;G:\Users\vishu\.m2\repository\commons-collections\commons-collections\3.2.1\commons-collections-3.2.1.jar;G:\Users\vishu\.m2\repository\org\apache\commons\commons-lang3\3.3.2\commons-lang3-3.3.2.jar;G:\Users\vishu\.m2\repository\org\apache\httpcomponents\httpmime\4.3.3\httpmime-4.3.3.jar;G:\Users\vishu\.m2\repository\commons-codec\commons-codec\1.9\commons-codec-1.9.jar;G:\Users\vishu\.m2\repository\net\sourceforge\htmlunit\htmlunit-core-js\2.15\htmlunit-core-js-2.15.jar;G:\Users\vishu\.m2\repository\xerces\xercesImpl\2.11.0\xercesImpl-2.11.0.jar;G:\Users\vishu\.m2\repository\xml-apis\xml-apis\1.4.01\xml-apis-1.4.01.jar;G:\Users\vishu\.m2\repository\net\sourceforge\nekohtml\nekohtml\1.9.21\nekohtml-1.9.21.jar;G:\Users\vishu\.m2\repository\net\sourceforge\cssparser\cssparser\0.9.14\cssparser-0.9.14.jar;G:\Users\vishu\.m2\repository\org\w3c\css\sac\1.3\sac-1.3.jar;G:\Users\vishu\.m2\repository\commons-logging\commons-logging\1.1.3\commons-logging-1.1.3.jar;G:\Users\vishu\.m2\repository\org\eclipse\jetty\jetty-websocket\8.1.15.v20140411\jetty-websocket-8.1.15.v20140411.jar;G:\Users\vishu\.m2\repository\org\eclipse\jetty\jetty-util\8.1.15.v20140411\jetty-util-8.1.15.v20140411.jar;G:\Users\vishu\.m2\repository\org\eclipse\jetty\jetty-io\8.1.15.v20140411\jetty-io-8.1.15.v20140411.jar;G:\Users\vishu\.m2\repository\org\eclipse\jetty\jetty-http\8.1.15.v20140411\jetty-http-8.1.15.v20140411.jar;G:\Users\vishu\.m2\repository\org\apache\httpcomponents\httpclient\4.3.6\httpclient-4.3.6.jar;G:\Users\vishu\.m2\repository\org\apache\httpcomponents\httpcore\4.3.3\httpcore-4.3.3.jar;G:\Users\vishu\.m2\repository\org\seleniumhq\selenium\selenium-firefox-driver\2.45.0\selenium-firefox-driver-2.45.0.jar;G:\Users\vishu\.m2\repository\commons-io\commons-io\2.4\commons-io-2.4.jar;G:\Users\vishu\.m2\repository\org\apache\commons\commons-exec\1.1\commons-exec-1.1.jar;G:\Users\vishu\.m2\repository\org\seleniumhq\selenium\selenium-ie-driver\2.45.0\selenium-ie-driver-2.45.0.jar;G:\Users\vishu\.m2\repository\net\java\dev\jna\jna\3.4.0\jna-3.4.0.jar;G:\Users\vishu\.m2\repository\net\java\dev\jna\platform\3.4.0\platform-3.4.0.jar;G:\Users\vishu\.m2\repository\org\seleniumhq\selenium\selenium-safari-driver\2.45.0\selenium-safari-driver-2.45.0.jar;G:\Users\vishu\.m2\repository\org\seleniumhq\selenium\selenium-support\2.45.0\selenium-support-2.45.0.jar;G:\Users\vishu\.m2\repository\org\webbitserver\webbit\0.4.14\webbit-0.4.14.jar;G:\Users\vishu\.m2\repository\io\netty\netty\3.5.2.Final\netty-3.5.2.Final.jar;G:\Users\vishu\.m2\repository\org\seleniumhq\selenium\selenium-leg-rc\2.45.0\selenium-leg-rc-2.45.0.jar;G:\Users\vishu\.m2\repository\org\slf4j\slf4j-simple\1.6.1\slf4j-simple-1.6.1.jar;G:\Users\vishu\.m2\repository\org\slf4j\slf4j-api\1.6.1\slf4j-api-1.6.1.jar;"/>
    <property name="java.specification.name" value="Java Platform API Specification"/>
    <property name="java.class.version" value="51.0"/>
    <property name="sun.management.compiler" value="HotSpot Client Compiler"/>
    <property name="os.version" value="6.1"/>
    <property name="user.home" value="G:\Users\vishu"/>
    <property name="user.timezone" value="Asia/Calcutta"/>
    <property name="java.awt.printerjob" value="sun.awt.windows.WPrinterJob"/>
    <property name="java.specification.version" value="1.7"/>
    <property name="file.encoding" value="Cp1252"/>
    <property name="user.name" value="vishu"/>
    <property name="java.class.path" value="G:\Users\vishu\git\FirstProject\WebDriverTest\target\test-classes;G:\Users\vishu\git\FirstProject\WebDriverTest\target\classes;G:\Users\vishu\.m2\repository\junit\junit\3.8.1\junit-3.8.1.jar;G:\Users\vishu\.m2\repository\com\google\inject\guice\3.0\guice-3.0.jar;G:\Users\vishu\.m2\repository\javax\inject\javax.inject\1\javax.inject-1.jar;G:\Users\vishu\.m2\repository\aopalliance\aopalliance\1.0\aopalliance-1.0.jar;G:\Users\vishu\.m2\repository\org\testng\testng\6.8\testng-6.8.jar;G:\Users\vishu\.m2\repository\org\beanshell\bsh\2.0b4\bsh-2.0b4.jar;G:\Users\vishu\.m2\repository\com\beust\jcommander\1.27\jcommander-1.27.jar;G:\Users\vishu\.m2\repository\org\yaml\snakeyaml\1.6\snakeyaml-1.6.jar;G:\Users\vishu\.m2\repository\org\uncommons\reportng\1.1.4\reportng-1.1.4.jar;G:\Users\vishu\.m2\repository\velocity\velocity\1.4\velocity-1.4.jar;G:\Users\vishu\.m2\repository\velocity\velocity-dep\1.4\velocity-dep-1.4.jar;G:\Users\vishu\.m2\repository\org\seleniumhq\selenium\selenium-java\2.45.0\selenium-java-2.45.0.jar;G:\Users\vishu\.m2\repository\org\seleniumhq\selenium\selenium-chrome-driver\2.45.0\selenium-chrome-driver-2.45.0.jar;G:\Users\vishu\.m2\repository\org\seleniumhq\selenium\selenium-remote-driver\2.45.0\selenium-remote-driver-2.45.0.jar;G:\Users\vishu\.m2\repository\cglib\cglib-nodep\2.1_3\cglib-nodep-2.1_3.jar;G:\Users\vishu\.m2\repository\com\google\code\gson\gson\2.3.1\gson-2.3.1.jar;G:\Users\vishu\.m2\repository\org\seleniumhq\selenium\selenium-api\2.45.0\selenium-api-2.45.0.jar;G:\Users\vishu\.m2\repository\com\google\guava\guava\18.0\guava-18.0.jar;G:\Users\vishu\.m2\repository\org\seleniumhq\selenium\selenium-htmlunit-driver\2.45.0\selenium-htmlunit-driver-2.45.0.jar;G:\Users\vishu\.m2\repository\net\sourceforge\htmlunit\htmlunit\2.15\htmlunit-2.15.jar;G:\Users\vishu\.m2\repository\xalan\xalan\2.7.1\xalan-2.7.1.jar;G:\Users\vishu\.m2\repository\xalan\serializer\2.7.1\serializer-2.7.1.jar;G:\Users\vishu\.m2\repository\commons-collections\commons-collections\3.2.1\commons-collections-3.2.1.jar;G:\Users\vishu\.m2\repository\org\apache\commons\commons-lang3\3.3.2\commons-lang3-3.3.2.jar;G:\Users\vishu\.m2\repository\org\apache\httpcomponents\httpmime\4.3.3\httpmime-4.3.3.jar;G:\Users\vishu\.m2\repository\commons-codec\commons-codec\1.9\commons-codec-1.9.jar;G:\Users\vishu\.m2\repository\net\sourceforge\htmlunit\htmlunit-core-js\2.15\htmlunit-core-js-2.15.jar;G:\Users\vishu\.m2\repository\xerces\xercesImpl\2.11.0\xercesImpl-2.11.0.jar;G:\Users\vishu\.m2\repository\xml-apis\xml-apis\1.4.01\xml-apis-1.4.01.jar;G:\Users\vishu\.m2\repository\net\sourceforge\nekohtml\nekohtml\1.9.21\nekohtml-1.9.21.jar;G:\Users\vishu\.m2\repository\net\sourceforge\cssparser\cssparser\0.9.14\cssparser-0.9.14.jar;G:\Users\vishu\.m2\repository\org\w3c\css\sac\1.3\sac-1.3.jar;G:\Users\vishu\.m2\repository\commons-logging\commons-logging\1.1.3\commons-logging-1.1.3.jar;G:\Users\vishu\.m2\repository\org\eclipse\jetty\jetty-websocket\8.1.15.v20140411\jetty-websocket-8.1.15.v20140411.jar;G:\Users\vishu\.m2\repository\org\eclipse\jetty\jetty-util\8.1.15.v20140411\jetty-util-8.1.15.v20140411.jar;G:\Users\vishu\.m2\repository\org\eclipse\jetty\jetty-io\8.1.15.v20140411\jetty-io-8.1.15.v20140411.jar;G:\Users\vishu\.m2\repository\org\eclipse\jetty\jetty-http\8.1.15.v20140411\jetty-http-8.1.15.v20140411.jar;G:\Users\vishu\.m2\repository\org\apache\httpcomponents\httpclient\4.3.6\httpclient-4.3.6.jar;G:\Users\vishu\.m2\repository\org\apache\httpcomponents\httpcore\4.3.3\httpcore-4.3.3.jar;G:\Users\vishu\.m2\repository\org\seleniumhq\selenium\selenium-firefox-driver\2.45.0\selenium-firefox-driver-2.45.0.jar;G:\Users\vishu\.m2\repository\commons-io\commons-io\2.4\commons-io-2.4.jar;G:\Users\vishu\.m2\repository\org\apache\commons\commons-exec\1.1\commons-exec-1.1.jar;G:\Users\vishu\.m2\repository\org\seleniumhq\selenium\selenium-ie-driver\2.45.0\selenium-ie-driver-2.45.0.jar;G:\Users\vishu\.m2\repository\net\java\dev\jna\jna\3.4.0\jna-3.4.0.jar;G:\Users\vishu\.m2\repository\net\java\dev\jna\platform\3.4.0\platform-3.4.0.jar;G:\Users\vishu\.m2\repository\org\seleniumhq\selenium\selenium-safari-driver\2.45.0\selenium-safari-driver-2.45.0.jar;G:\Users\vishu\.m2\repository\org\seleniumhq\selenium\selenium-support\2.45.0\selenium-support-2.45.0.jar;G:\Users\vishu\.m2\repository\org\webbitserver\webbit\0.4.14\webbit-0.4.14.jar;G:\Users\vishu\.m2\repository\io\netty\netty\3.5.2.Final\netty-3.5.2.Final.jar;G:\Users\vishu\.m2\repository\org\seleniumhq\selenium\selenium-leg-rc\2.45.0\selenium-leg-rc-2.45.0.jar;G:\Users\vishu\.m2\repository\org\slf4j\slf4j-simple\1.6.1\slf4j-simple-1.6.1.jar;G:\Users\vishu\.m2\repository\org\slf4j\slf4j-api\1.6.1\slf4j-api-1.6.1.jar;"/>
    <property name="java.vm.specification.version" value="1.7"/>
    <property name="sun.arch.data.model" value="32"/>
    <property name="java.home" value="G:\Program Files\Java\jdk1.7.0_10\jre"/>
    <property name="sun.java.command" value="G:\Users\vishu\AppData\Local\Temp\surefirebooter3090196633015554384.jar G:\Users\vishu\AppData\Local\Temp\surefire7447073544978366163tmp G:\Users\vishu\AppData\Local\Temp\surefire1534167029762788513tmp"/>
    <property name="java.specification.vendor" value="Oracle Corporation"/>
    <property name="user.language" value="en"/>
    <property name="awt.toolkit" value="sun.awt.windows.WToolkit"/>
    <property name="java.vm.info" value="mixed mode, sharing"/>
    <property name="java.version" value="1.7.0_10"/>
    <property name="java.ext.dirs" value="G:\Program Files\Java\jdk1.7.0_10\jre\lib\ext;G:\Windows\Sun\Java\lib\ext"/>
    <property name="sun.boot.class.path" value="G:\Program Files\Java\jdk1.7.0_10\jre\lib\resources.jar;G:\Program Files\Java\jdk1.7.0_10\jre\lib\rt.jar;G:\Program Files\Java\jdk1.7.0_10\jre\lib\sunrsasign.jar;G:\Program Files\Java\jdk1.7.0_10\jre\lib\jsse.jar;G:\Program Files\Java\jdk1.7.0_10\jre\lib\jce.jar;G:\Program Files\Java\jdk1.7.0_10\jre\lib\charsets.jar;G:\Program Files\Java\jdk1.7.0_10\jre\lib\jfr.jar;G:\Program Files\Java\jdk1.7.0_10\jre\classes"/>
    <property name="java.vendor" value="Oracle Corporation"/>
    <property name="localRepository" value="G:\Users\vishu\.m2\repository"/>
    <property name="file.separator" value="\"/>
    <property name="java.vendor.url.bug" value="http://bugreport.sun.com/bugreport/"/>
    <property name="sun.cpu.endian" value="little"/>
    <property name="sun.io.unicode.encoding" value="UnicodeLittle"/>
    <property name="sun.desktop" value="windows"/>
    <property name="sun.cpu.isalist" value="pentium_pro+mmx pentium_pro pentium+mmx pentium i486 i386 i86"/>
  </properties>
  <testcase time="0" classname="test_jenkins_config.Test1" name="f"/>
  <testcase time="0" classname="test_jenkins_config.Test1" name="f2"/>
</testsuite>