<?xml version="1.0" encoding="UTF-8"?>
<!-- Generated by org.testng.reporters.JUnitReportReporter -->
<testsuite hostname="vishu-PC" name="test_jenkins_config.Test2" tests="1" failures="0" timestamp="5 Jun 2015 16:22:57 GMT" time="0.016" errors="0">
  <testcase name="f_test" time="0.016" classname="test_jenkins_config.Test2"/>
</testsuite> <!-- test_jenkins_config.Test2 -->
