<?xml version="1.0" encoding="UTF-8"?>
<!-- Generated by org.testng.reporters.JUnitReportReporter -->
<testsuite hostname="vishu-PC" name="test_jenkins_config.Sample" tests="2" failures="0" timestamp="5 Jun 2015 16:04:09 GMT" time="0.093" errors="0">
  <testcase name="f" time="0.093" classname="test_jenkins_config.Sample"/>
  <testcase name="f2" time="0.000" classname="test_jenkins_config.Sample"/>
</testsuite> <!-- test_jenkins_config.Sample -->
